2023-07-24 21:39:32,777 INFO [casanovo/MainProcess] casanovo.main : Casanovo version 3.2.0
2023-07-24 21:39:32,777 DEBUG [casanovo/MainProcess] casanovo.main : mode = denovo
2023-07-24 21:39:32,777 DEBUG [casanovo/MainProcess] casanovo.main : model = /mnt/md0/jwb/human_proteome_using_the_HCD_library/Her/fine-tune/train/epoch=9-step=450000.ckpt
2023-07-24 21:39:32,777 DEBUG [casanovo/MainProcess] casanovo.main : peak_path = /mnt/md0/jwb/antibody_sky/S2P6LH/100ug/process1/spectrum_S2P6LH_HCD.mgf
2023-07-24 21:39:32,777 DEBUG [casanovo/MainProcess] casanovo.main : peak_path_val = None
2023-07-24 21:39:32,778 DEBUG [casanovo/MainProcess] casanovo.main : config = /mnt/md0/jwb/antibody_sky/S2P6LH/100ug/process1/casanovo_config.yaml
2023-07-24 21:39:32,778 DEBUG [casanovo/MainProcess] casanovo.main : output = /mnt/md0/jwb/antibody_sky/S2P6LH/100ug/denovo/HCD/S2P6LH_HCD
2023-07-24 21:39:32,778 DEBUG [casanovo/MainProcess] casanovo.main : random_seed = 454
2023-07-24 21:39:32,778 DEBUG [casanovo/MainProcess] casanovo.main : n_peaks = 150
2023-07-24 21:39:32,778 DEBUG [casanovo/MainProcess] casanovo.main : min_mz = 50.52564895
2023-07-24 21:39:32,778 DEBUG [casanovo/MainProcess] casanovo.main : max_mz = 2500.0
2023-07-24 21:39:32,778 DEBUG [casanovo/MainProcess] casanovo.main : min_intensity = 0.01
2023-07-24 21:39:32,778 DEBUG [casanovo/MainProcess] casanovo.main : remove_precursor_tol = 2.0
2023-07-24 21:39:32,778 DEBUG [casanovo/MainProcess] casanovo.main : max_charge = 10
2023-07-24 21:39:32,778 DEBUG [casanovo/MainProcess] casanovo.main : precursor_mass_tol = 10.0
2023-07-24 21:39:32,778 DEBUG [casanovo/MainProcess] casanovo.main : isotope_error_range = (0, 1)
2023-07-24 21:39:32,778 DEBUG [casanovo/MainProcess] casanovo.main : dim_model = 512
2023-07-24 21:39:32,778 DEBUG [casanovo/MainProcess] casanovo.main : n_head = 8
2023-07-24 21:39:32,779 DEBUG [casanovo/MainProcess] casanovo.main : dim_feedforward = 1024
2023-07-24 21:39:32,779 DEBUG [casanovo/MainProcess] casanovo.main : n_layers = 9
2023-07-24 21:39:32,779 DEBUG [casanovo/MainProcess] casanovo.main : dropout = 0.0
2023-07-24 21:39:32,779 DEBUG [casanovo/MainProcess] casanovo.main : dim_intensity = None
2023-07-24 21:39:32,779 DEBUG [casanovo/MainProcess] casanovo.main : custom_encoder = None
2023-07-24 21:39:32,779 DEBUG [casanovo/MainProcess] casanovo.main : max_length = 100
2023-07-24 21:39:32,779 DEBUG [casanovo/MainProcess] casanovo.main : residues = {'G': 57.021464, 'A': 71.037114, 'S': 87.032028, 'P': 97.052764, 'V': 99.068414, 'T': 101.04767, 'C(+57.02)': 160.030649, 'L': 113.084064, 'I': 113.084064, 'N': 114.042927, 'D': 115.026943, 'Q': 128.058578, 'K': 128.094963, 'E': 129.042593, 'M': 131.040485, 'H': 137.058912, 'F': 147.068414, 'R': 156.101111, 'Y': 163.063329, 'W': 186.079313, 'M(+15.99)': 147.0354, 'N(+.98)': 115.026943, 'Q(+.98)': 129.042594}
2023-07-24 21:39:32,779 DEBUG [casanovo/MainProcess] casanovo.main : n_log = 1
2023-07-24 21:39:32,779 DEBUG [casanovo/MainProcess] casanovo.main : tb_summarywriter = None
2023-07-24 21:39:32,779 DEBUG [casanovo/MainProcess] casanovo.main : warmup_iters = 100
2023-07-24 21:39:32,779 DEBUG [casanovo/MainProcess] casanovo.main : max_iters = 600
2023-07-24 21:39:32,779 DEBUG [casanovo/MainProcess] casanovo.main : learning_rate = 0.0005
2023-07-24 21:39:32,780 DEBUG [casanovo/MainProcess] casanovo.main : weight_decay = 1e-05
2023-07-24 21:39:32,780 DEBUG [casanovo/MainProcess] casanovo.main : train_batch_size = 64
2023-07-24 21:39:32,780 DEBUG [casanovo/MainProcess] casanovo.main : predict_batch_size = 128
2023-07-24 21:39:32,780 DEBUG [casanovo/MainProcess] casanovo.main : n_beams = 5
2023-07-24 21:39:32,780 DEBUG [casanovo/MainProcess] casanovo.main : logger = None
2023-07-24 21:39:32,780 DEBUG [casanovo/MainProcess] casanovo.main : max_epochs = 20
2023-07-24 21:39:32,780 DEBUG [casanovo/MainProcess] casanovo.main : num_sanity_val_steps = 0
2023-07-24 21:39:32,780 DEBUG [casanovo/MainProcess] casanovo.main : train_from_scratch = True
2023-07-24 21:39:32,780 DEBUG [casanovo/MainProcess] casanovo.main : save_model = True
2023-07-24 21:39:32,780 DEBUG [casanovo/MainProcess] casanovo.main : model_save_folder_path = 
2023-07-24 21:39:32,780 DEBUG [casanovo/MainProcess] casanovo.main : save_weights_only = True
2023-07-24 21:39:32,780 DEBUG [casanovo/MainProcess] casanovo.main : every_n_train_steps = 100
2023-07-24 21:39:32,780 DEBUG [casanovo/MainProcess] casanovo.main : n_workers = 18
2023-07-24 21:39:32,780 INFO [casanovo/MainProcess] casanovo.main : Predict peptide sequences with Casanovo.
2023-07-24 21:39:33,050 DEBUG [fsspec.local/MainProcess] local.__init__ : open file: /mnt/md0/jwb/human_proteome_using_the_HCD_library/Her/fine-tune/train/epoch=9-step=450000.ckpt
2023-07-24 21:39:33,352 INFO [depthcharge.data.hdf5/MainProcess] hdf5.__init__ : Reading 1 files...
2023-07-24 21:48:40,903 WARNING [py.warnings/MainProcess] warnings._showwarnmsg : /home/xcq/miniconda3/envs/casanovo_env/lib/python3.10/site-packages/numpy/core/fromnumeric.py:3432: RuntimeWarning: Mean of empty slice.
  return _methods._mean(a, axis=axis, dtype=dtype,

2023-07-24 21:48:40,904 WARNING [py.warnings/MainProcess] warnings._showwarnmsg : /home/xcq/miniconda3/envs/casanovo_env/lib/python3.10/site-packages/numpy/core/_methods.py:190: RuntimeWarning: invalid value encountered in double_scalars
  ret = ret.dtype.type(ret / rcount)

